INFO:root:Translating module:pyjslib platform:- out:'/assets/pyjs.org/states/stable/auto@artifacts.pyjs.org/new_pyjs.org/output/lib/pyjslib.js'
INFO:root:Translating module:sys platform:- out:'/assets/pyjs.org/states/stable/auto@artifacts.pyjs.org/new_pyjs.org/output/lib/sys.js'
INFO:root:Translating module:dynamic platform:- out:'/assets/pyjs.org/states/stable/auto@artifacts.pyjs.org/new_pyjs.org/output/lib/dynamic.js'
INFO:root:Translating module:pyjamas platform:- out:'/assets/pyjs.org/states/stable/auto@artifacts.pyjs.org/new_pyjs.org/output/lib/pyjamas.js'
INFO:root:Translating module:pyjamas.DOM platform:- out:'/assets/pyjs.org/states/stable/auto@artifacts.pyjs.org/new_pyjs.org/output/lib/pyjamas.DOM.js'
INFO:root:Translating module:pyjd platform:- out:'/assets/pyjs.org/states/stable/auto@artifacts.pyjs.org/new_pyjs.org/output/lib/pyjd.js'
INFO:root:Translating module:pyjamas.Window platform:- out:'/assets/pyjs.org/states/stable/auto@artifacts.pyjs.org/new_pyjs.org/output/lib/pyjamas.Window.js'
INFO:root:Translating module:pyjamas.Location platform:- out:'/assets/pyjs.org/states/stable/auto@artifacts.pyjs.org/new_pyjs.org/output/lib/pyjamas.Location.js'
INFO:root:Translating module:pyjamas.ui platform:- out:'/assets/pyjs.org/states/stable/auto@artifacts.pyjs.org/new_pyjs.org/output/lib/pyjamas.ui.js'
INFO:root:Translating module:pyjamas.ui.Event platform:- out:'/assets/pyjs.org/states/stable/auto@artifacts.pyjs.org/new_pyjs.org/output/lib/pyjamas.ui.Event.js'
INFO:root:Translating module:website platform:- out:'/assets/pyjs.org/states/stable/auto@artifacts.pyjs.org/new_pyjs.org/output/lib/website.js'
INFO:root:Translating module:pyjamas.logging platform:- out:'/assets/pyjs.org/states/stable/auto@artifacts.pyjs.org/new_pyjs.org/output/lib/pyjamas.logging.js'
INFO:root:Translating module:pyjamas.logging.handlers platform:- out:'/assets/pyjs.org/states/stable/auto@artifacts.pyjs.org/new_pyjs.org/output/lib/pyjamas.logging.handlers.js'
INFO:root:Translating module:cgi platform:- out:'/assets/pyjs.org/states/stable/auto@artifacts.pyjs.org/new_pyjs.org/output/lib/cgi.js'
INFO:root:Translating module:logging platform:- out:'/assets/pyjs.org/states/stable/auto@artifacts.pyjs.org/new_pyjs.org/output/lib/logging.js'
INFO:root:Translating module:os platform:- out:'/assets/pyjs.org/states/stable/auto@artifacts.pyjs.org/new_pyjs.org/output/lib/os.js'
INFO:root:Translating module:os.path platform:- out:'/assets/pyjs.org/states/stable/auto@artifacts.pyjs.org/new_pyjs.org/output/lib/os.path.js'
INFO:root:Translating module:pyjspath platform:- out:'/assets/pyjs.org/states/stable/auto@artifacts.pyjs.org/new_pyjs.org/output/lib/pyjspath.js'
INFO:root:Translating module:stat platform:- out:'/assets/pyjs.org/states/stable/auto@artifacts.pyjs.org/new_pyjs.org/output/lib/stat.js'
INFO:root:Translating module:genericpath platform:- out:'/assets/pyjs.org/states/stable/auto@artifacts.pyjs.org/new_pyjs.org/output/lib/genericpath.js'
INFO:root:Translating module:time platform:- out:'/assets/pyjs.org/states/stable/auto@artifacts.pyjs.org/new_pyjs.org/output/lib/time.js'
INFO:root:Translating module:math platform:- out:'/assets/pyjs.org/states/stable/auto@artifacts.pyjs.org/new_pyjs.org/output/lib/math.js'
INFO:root:Translating module:codecs platform:- out:'/assets/pyjs.org/states/stable/auto@artifacts.pyjs.org/new_pyjs.org/output/lib/codecs.js'
INFO:root:Translating module:traceback platform:- out:'/assets/pyjs.org/states/stable/auto@artifacts.pyjs.org/new_pyjs.org/output/lib/traceback.js'
INFO:root:Translating module:string platform:- out:'/assets/pyjs.org/states/stable/auto@artifacts.pyjs.org/new_pyjs.org/output/lib/string.js'
INFO:root:Translating module:re platform:- out:'/assets/pyjs.org/states/stable/auto@artifacts.pyjs.org/new_pyjs.org/output/lib/re.js'
INFO:root:Translating module:pyjamas.DeferredCommand platform:- out:'/assets/pyjs.org/states/stable/auto@artifacts.pyjs.org/new_pyjs.org/output/lib/pyjamas.DeferredCommand.js'
INFO:root:Translating module:pyjamas.Timer platform:- out:'/assets/pyjs.org/states/stable/auto@artifacts.pyjs.org/new_pyjs.org/output/lib/pyjamas.Timer.js'
INFO:root:Translating module:pyjamas.History platform:- out:'/assets/pyjs.org/states/stable/auto@artifacts.pyjs.org/new_pyjs.org/output/lib/pyjamas.History.js'
INFO:root:Translating module:pyjamas.HTTPRequest platform:- out:'/assets/pyjs.org/states/stable/auto@artifacts.pyjs.org/new_pyjs.org/output/lib/pyjamas.HTTPRequest.js'
INFO:root:Translating module:pygwt platform:- out:'/assets/pyjs.org/states/stable/auto@artifacts.pyjs.org/new_pyjs.org/output/lib/pygwt.js'
INFO:root:Translating module:base64 platform:- out:'/assets/pyjs.org/states/stable/auto@artifacts.pyjs.org/new_pyjs.org/output/lib/base64.js'
INFO:root:Translating module:struct platform:- out:'/assets/pyjs.org/states/stable/auto@artifacts.pyjs.org/new_pyjs.org/output/lib/struct.js'
INFO:root:Translating module:binascii platform:- out:'/assets/pyjs.org/states/stable/auto@artifacts.pyjs.org/new_pyjs.org/output/lib/binascii.js'
INFO:root:Translating module:getopt platform:- out:'/assets/pyjs.org/states/stable/auto@artifacts.pyjs.org/new_pyjs.org/output/lib/getopt.js'
INFO:root:Translating module:pyjamas.ui.MouseListener platform:- out:'/assets/pyjs.org/states/stable/auto@artifacts.pyjs.org/new_pyjs.org/output/lib/pyjamas.ui.MouseListener.js'
INFO:root:Translating module:pyjamas.EventController platform:- out:'/assets/pyjs.org/states/stable/auto@artifacts.pyjs.org/new_pyjs.org/output/lib/pyjamas.EventController.js'
INFO:root:Translating module:pyjamas.ui.Composite platform:- out:'/assets/pyjs.org/states/stable/auto@artifacts.pyjs.org/new_pyjs.org/output/lib/pyjamas.ui.Composite.js'
INFO:root:Translating module:pyjamas.Factory platform:- out:'/assets/pyjs.org/states/stable/auto@artifacts.pyjs.org/new_pyjs.org/output/lib/pyjamas.Factory.js'
INFO:root:Translating module:pyjamas.ui.Widget platform:- out:'/assets/pyjs.org/states/stable/auto@artifacts.pyjs.org/new_pyjs.org/output/lib/pyjamas.ui.Widget.js'
INFO:root:Translating module:pyjamas.ui.UIObject platform:- out:'/assets/pyjs.org/states/stable/auto@artifacts.pyjs.org/new_pyjs.org/output/lib/pyjamas.ui.UIObject.js'
INFO:root:Translating module:pyjamas.ui.ClickListener platform:- out:'/assets/pyjs.org/states/stable/auto@artifacts.pyjs.org/new_pyjs.org/output/lib/pyjamas.ui.ClickListener.js'
INFO:root:Translating module:pyjamas.ui.FocusListener platform:- out:'/assets/pyjs.org/states/stable/auto@artifacts.pyjs.org/new_pyjs.org/output/lib/pyjamas.ui.FocusListener.js'
INFO:root:Translating module:pyjamas.ui.KeyboardListener platform:- out:'/assets/pyjs.org/states/stable/auto@artifacts.pyjs.org/new_pyjs.org/output/lib/pyjamas.ui.KeyboardListener.js'
INFO:root:Translating module:pyjamas.ui.InputListener platform:- out:'/assets/pyjs.org/states/stable/auto@artifacts.pyjs.org/new_pyjs.org/output/lib/pyjamas.ui.InputListener.js'
INFO:root:Translating module:pyjamas.ui.ChangeListener platform:- out:'/assets/pyjs.org/states/stable/auto@artifacts.pyjs.org/new_pyjs.org/output/lib/pyjamas.ui.ChangeListener.js'
INFO:root:Translating module:pyjamas.ui.DragHandler platform:- out:'/assets/pyjs.org/states/stable/auto@artifacts.pyjs.org/new_pyjs.org/output/lib/pyjamas.ui.DragHandler.js'
INFO:root:Translating module:pyjamas.ui.DropHandler platform:- out:'/assets/pyjs.org/states/stable/auto@artifacts.pyjs.org/new_pyjs.org/output/lib/pyjamas.ui.DropHandler.js'
INFO:root:Translating module:pyjamas.ui.DecoratorPanel platform:- out:'/assets/pyjs.org/states/stable/auto@artifacts.pyjs.org/new_pyjs.org/output/lib/pyjamas.ui.DecoratorPanel.js'
INFO:root:Translating module:pyjamas.ui.SimplePanel platform:- out:'/assets/pyjs.org/states/stable/auto@artifacts.pyjs.org/new_pyjs.org/output/lib/pyjamas.ui.SimplePanel.js'
INFO:root:Translating module:pyjamas.ui.Panel platform:- out:'/assets/pyjs.org/states/stable/auto@artifacts.pyjs.org/new_pyjs.org/output/lib/pyjamas.ui.Panel.js'
INFO:root:Translating module:pyjamas.ui.TabPanel platform:- out:'/assets/pyjs.org/states/stable/auto@artifacts.pyjs.org/new_pyjs.org/output/lib/pyjamas.ui.TabPanel.js'
INFO:root:Translating module:pyjamas.ui.DeckPanel platform:- out:'/assets/pyjs.org/states/stable/auto@artifacts.pyjs.org/new_pyjs.org/output/lib/pyjamas.ui.DeckPanel.js'
INFO:root:Translating module:pyjamas.ui.ComplexPanel platform:- out:'/assets/pyjs.org/states/stable/auto@artifacts.pyjs.org/new_pyjs.org/output/lib/pyjamas.ui.ComplexPanel.js'
INFO:root:Translating module:pyjamas.ui.VerticalPanel platform:- out:'/assets/pyjs.org/states/stable/auto@artifacts.pyjs.org/new_pyjs.org/output/lib/pyjamas.ui.VerticalPanel.js'
INFO:root:Translating module:pyjamas.ui.CellPanel platform:- out:'/assets/pyjs.org/states/stable/auto@artifacts.pyjs.org/new_pyjs.org/output/lib/pyjamas.ui.CellPanel.js'
INFO:root:Translating module:pyjamas.ui.TabBar platform:- out:'/assets/pyjs.org/states/stable/auto@artifacts.pyjs.org/new_pyjs.org/output/lib/pyjamas.ui.TabBar.js'
INFO:root:Translating module:pyjamas.ui.HTML platform:- out:'/assets/pyjs.org/states/stable/auto@artifacts.pyjs.org/new_pyjs.org/output/lib/pyjamas.ui.HTML.js'
INFO:root:Translating module:pyjamas.ui.Label platform:- out:'/assets/pyjs.org/states/stable/auto@artifacts.pyjs.org/new_pyjs.org/output/lib/pyjamas.ui.Label.js'
INFO:root:Translating module:pyjamas.ui.InnerText platform:- out:'/assets/pyjs.org/states/stable/auto@artifacts.pyjs.org/new_pyjs.org/output/lib/pyjamas.ui.InnerText.js'
INFO:root:Translating module:pyjamas.ui.InnerHTML platform:- out:'/assets/pyjs.org/states/stable/auto@artifacts.pyjs.org/new_pyjs.org/output/lib/pyjamas.ui.InnerHTML.js'
INFO:root:Translating module:pyjamas.ui.HorizontalPanel platform:- out:'/assets/pyjs.org/states/stable/auto@artifacts.pyjs.org/new_pyjs.org/output/lib/pyjamas.ui.HorizontalPanel.js'
INFO:root:Translating module:pyjamas.ui.ClickDelegatePanel platform:- out:'/assets/pyjs.org/states/stable/auto@artifacts.pyjs.org/new_pyjs.org/output/lib/pyjamas.ui.ClickDelegatePanel.js'
INFO:root:Translating module:pyjamas.ui.Focus platform:- out:'/assets/pyjs.org/states/stable/auto@artifacts.pyjs.org/new_pyjs.org/output/lib/pyjamas.ui.Focus.js'
INFO:root:Translating module:pyjamas.ui.DockPanel platform:- out:'/assets/pyjs.org/states/stable/auto@artifacts.pyjs.org/new_pyjs.org/output/lib/pyjamas.ui.DockPanel.js'
INFO:root:Translating module:pyjamas.ui.HTMLLinkPanel platform:- out:'/assets/pyjs.org/states/stable/auto@artifacts.pyjs.org/new_pyjs.org/output/lib/pyjamas.ui.HTMLLinkPanel.js'
INFO:root:Translating module:pyjamas.ui.HTMLPanel platform:- out:'/assets/pyjs.org/states/stable/auto@artifacts.pyjs.org/new_pyjs.org/output/lib/pyjamas.ui.HTMLPanel.js'
INFO:root:Translating module:pyjamas.ui.Hyperlink platform:- out:'/assets/pyjs.org/states/stable/auto@artifacts.pyjs.org/new_pyjs.org/output/lib/pyjamas.ui.Hyperlink.js'
INFO:root:Translating module:pyjamas.ui.Image platform:- out:'/assets/pyjs.org/states/stable/auto@artifacts.pyjs.org/new_pyjs.org/output/lib/pyjamas.ui.Image.js'
INFO:root:Translating module:pyjamas.ui.RootPanel platform:- out:'/assets/pyjs.org/states/stable/auto@artifacts.pyjs.org/new_pyjs.org/output/lib/pyjamas.ui.RootPanel.js'
INFO:root:Translating module:pyjamas.ui.AbsolutePanel platform:- out:'/assets/pyjs.org/states/stable/auto@artifacts.pyjs.org/new_pyjs.org/output/lib/pyjamas.ui.AbsolutePanel.js'
INFO:root:Translating module:PageLoader platform:- out:'/assets/pyjs.org/states/stable/auto@artifacts.pyjs.org/new_pyjs.org/output/lib/PageLoader.js'
INFO:root:Translating module:pyjamas.DOM platform:ie6 out:'/assets/pyjs.org/states/stable/auto@artifacts.pyjs.org/new_pyjs.org/output/lib/pyjamas.DOM.__ie6__.js'
INFO:root:Translating module:pyjamas.Window platform:ie6 out:'/assets/pyjs.org/states/stable/auto@artifacts.pyjs.org/new_pyjs.org/output/lib/pyjamas.Window.__ie6__.js'
INFO:root:Translating module:pyjamas.Location platform:ie6 out:'/assets/pyjs.org/states/stable/auto@artifacts.pyjs.org/new_pyjs.org/output/lib/pyjamas.Location.__ie6__.js'
INFO:root:Translating module:pyjamas.ui.Event platform:ie6 out:'/assets/pyjs.org/states/stable/auto@artifacts.pyjs.org/new_pyjs.org/output/lib/pyjamas.ui.Event.__ie6__.js'
INFO:root:Translating module:pyjamas.Timer platform:ie6 out:'/assets/pyjs.org/states/stable/auto@artifacts.pyjs.org/new_pyjs.org/output/lib/pyjamas.Timer.__ie6__.js'
INFO:root:Translating module:pyjamas.History platform:ie6 out:'/assets/pyjs.org/states/stable/auto@artifacts.pyjs.org/new_pyjs.org/output/lib/pyjamas.History.__ie6__.js'
INFO:root:Translating module:pyjamas.HTTPRequest platform:ie6 out:'/assets/pyjs.org/states/stable/auto@artifacts.pyjs.org/new_pyjs.org/output/lib/pyjamas.HTTPRequest.__ie6__.js'
INFO:root:Translating module:pygwt platform:ie6 out:'/assets/pyjs.org/states/stable/auto@artifacts.pyjs.org/new_pyjs.org/output/lib/pygwt.__ie6__.js'
INFO:root:Translating module:pyjamas.ui.CellPanel platform:ie6 out:'/assets/pyjs.org/states/stable/auto@artifacts.pyjs.org/new_pyjs.org/output/lib/pyjamas.ui.CellPanel.__ie6__.js'
INFO:root:Translating module:pyjamas.ui.Focus platform:ie6 out:'/assets/pyjs.org/states/stable/auto@artifacts.pyjs.org/new_pyjs.org/output/lib/pyjamas.ui.Focus.__ie6__.js'
INFO:root:Translating module:pyjamas.DOM platform:opera out:'/assets/pyjs.org/states/stable/auto@artifacts.pyjs.org/new_pyjs.org/output/lib/pyjamas.DOM.__opera__.js'
INFO:root:Translating module:pyjamas.Window platform:opera out:'/assets/pyjs.org/states/stable/auto@artifacts.pyjs.org/new_pyjs.org/output/lib/pyjamas.Window.__opera__.js'
INFO:root:Translating module:pyjamas.Location platform:opera out:'/assets/pyjs.org/states/stable/auto@artifacts.pyjs.org/new_pyjs.org/output/lib/pyjamas.Location.__opera__.js'
INFO:root:Translating module:pyjamas.ui.Event platform:opera out:'/assets/pyjs.org/states/stable/auto@artifacts.pyjs.org/new_pyjs.org/output/lib/pyjamas.ui.Event.__opera__.js'
INFO:root:Translating module:pyjamas.Timer platform:opera out:'/assets/pyjs.org/states/stable/auto@artifacts.pyjs.org/new_pyjs.org/output/lib/pyjamas.Timer.__opera__.js'
INFO:root:Translating module:pyjamas.History platform:opera out:'/assets/pyjs.org/states/stable/auto@artifacts.pyjs.org/new_pyjs.org/output/lib/pyjamas.History.__opera__.js'
INFO:root:Translating module:pyjamas.HTTPRequest platform:opera out:'/assets/pyjs.org/states/stable/auto@artifacts.pyjs.org/new_pyjs.org/output/lib/pyjamas.HTTPRequest.__opera__.js'
INFO:root:Translating module:pygwt platform:opera out:'/assets/pyjs.org/states/stable/auto@artifacts.pyjs.org/new_pyjs.org/output/lib/pygwt.__opera__.js'
INFO:root:Translating module:pyjamas.ui.Focus platform:opera out:'/assets/pyjs.org/states/stable/auto@artifacts.pyjs.org/new_pyjs.org/output/lib/pyjamas.ui.Focus.__opera__.js'
INFO:root:Translating module:pyjamas.DOM platform:oldmoz out:'/assets/pyjs.org/states/stable/auto@artifacts.pyjs.org/new_pyjs.org/output/lib/pyjamas.DOM.__oldmoz__.js'
INFO:root:Translating module:pyjamas.Window platform:oldmoz out:'/assets/pyjs.org/states/stable/auto@artifacts.pyjs.org/new_pyjs.org/output/lib/pyjamas.Window.__oldmoz__.js'
INFO:root:Translating module:pyjamas.Location platform:oldmoz out:'/assets/pyjs.org/states/stable/auto@artifacts.pyjs.org/new_pyjs.org/output/lib/pyjamas.Location.__oldmoz__.js'
INFO:root:Translating module:pyjamas.ui.Event platform:oldmoz out:'/assets/pyjs.org/states/stable/auto@artifacts.pyjs.org/new_pyjs.org/output/lib/pyjamas.ui.Event.__oldmoz__.js'
INFO:root:Translating module:pyjamas.Timer platform:oldmoz out:'/assets/pyjs.org/states/stable/auto@artifacts.pyjs.org/new_pyjs.org/output/lib/pyjamas.Timer.__oldmoz__.js'
INFO:root:Translating module:pyjamas.History platform:oldmoz out:'/assets/pyjs.org/states/stable/auto@artifacts.pyjs.org/new_pyjs.org/output/lib/pyjamas.History.__oldmoz__.js'
INFO:root:Translating module:pyjamas.HTTPRequest platform:oldmoz out:'/assets/pyjs.org/states/stable/auto@artifacts.pyjs.org/new_pyjs.org/output/lib/pyjamas.HTTPRequest.__oldmoz__.js'
INFO:root:Translating module:pygwt platform:oldmoz out:'/assets/pyjs.org/states/stable/auto@artifacts.pyjs.org/new_pyjs.org/output/lib/pygwt.__oldmoz__.js'
INFO:root:Translating module:pyjamas.ui.Focus platform:oldmoz out:'/assets/pyjs.org/states/stable/auto@artifacts.pyjs.org/new_pyjs.org/output/lib/pyjamas.ui.Focus.__oldmoz__.js'
INFO:root:Translating module:pyjamas.DOM platform:safari out:'/assets/pyjs.org/states/stable/auto@artifacts.pyjs.org/new_pyjs.org/output/lib/pyjamas.DOM.__safari__.js'
INFO:root:Translating module:pyjamas.Window platform:safari out:'/assets/pyjs.org/states/stable/auto@artifacts.pyjs.org/new_pyjs.org/output/lib/pyjamas.Window.__safari__.js'
INFO:root:Translating module:pyjamas.Location platform:safari out:'/assets/pyjs.org/states/stable/auto@artifacts.pyjs.org/new_pyjs.org/output/lib/pyjamas.Location.__safari__.js'
INFO:root:Translating module:pyjamas.ui.Event platform:safari out:'/assets/pyjs.org/states/stable/auto@artifacts.pyjs.org/new_pyjs.org/output/lib/pyjamas.ui.Event.__safari__.js'
INFO:root:Translating module:pyjamas.Timer platform:safari out:'/assets/pyjs.org/states/stable/auto@artifacts.pyjs.org/new_pyjs.org/output/lib/pyjamas.Timer.__safari__.js'
INFO:root:Translating module:pyjamas.History platform:safari out:'/assets/pyjs.org/states/stable/auto@artifacts.pyjs.org/new_pyjs.org/output/lib/pyjamas.History.__safari__.js'
INFO:root:Translating module:pyjamas.HTTPRequest platform:safari out:'/assets/pyjs.org/states/stable/auto@artifacts.pyjs.org/new_pyjs.org/output/lib/pyjamas.HTTPRequest.__safari__.js'
INFO:root:Translating module:pygwt platform:safari out:'/assets/pyjs.org/states/stable/auto@artifacts.pyjs.org/new_pyjs.org/output/lib/pygwt.__safari__.js'
INFO:root:Translating module:pyjamas.ui.Focus platform:safari out:'/assets/pyjs.org/states/stable/auto@artifacts.pyjs.org/new_pyjs.org/output/lib/pyjamas.ui.Focus.__safari__.js'
INFO:root:Translating module:pyjamas.DOM platform:mozilla out:'/assets/pyjs.org/states/stable/auto@artifacts.pyjs.org/new_pyjs.org/output/lib/pyjamas.DOM.__mozilla__.js'
INFO:root:Translating module:pyjamas.Window platform:mozilla out:'/assets/pyjs.org/states/stable/auto@artifacts.pyjs.org/new_pyjs.org/output/lib/pyjamas.Window.__mozilla__.js'
INFO:root:Translating module:pyjamas.Location platform:mozilla out:'/assets/pyjs.org/states/stable/auto@artifacts.pyjs.org/new_pyjs.org/output/lib/pyjamas.Location.__mozilla__.js'
INFO:root:Translating module:pyjamas.ui.Event platform:mozilla out:'/assets/pyjs.org/states/stable/auto@artifacts.pyjs.org/new_pyjs.org/output/lib/pyjamas.ui.Event.__mozilla__.js'
INFO:root:Translating module:pyjamas.Timer platform:mozilla out:'/assets/pyjs.org/states/stable/auto@artifacts.pyjs.org/new_pyjs.org/output/lib/pyjamas.Timer.__mozilla__.js'
INFO:root:Translating module:pyjamas.History platform:mozilla out:'/assets/pyjs.org/states/stable/auto@artifacts.pyjs.org/new_pyjs.org/output/lib/pyjamas.History.__mozilla__.js'
INFO:root:Translating module:pyjamas.HTTPRequest platform:mozilla out:'/assets/pyjs.org/states/stable/auto@artifacts.pyjs.org/new_pyjs.org/output/lib/pyjamas.HTTPRequest.__mozilla__.js'
INFO:root:Translating module:pygwt platform:mozilla out:'/assets/pyjs.org/states/stable/auto@artifacts.pyjs.org/new_pyjs.org/output/lib/pygwt.__mozilla__.js'
INFO:root:Translating module:pyjamas.ui.Focus platform:mozilla out:'/assets/pyjs.org/states/stable/auto@artifacts.pyjs.org/new_pyjs.org/output/lib/pyjamas.ui.Focus.__mozilla__.js'
Building : website
PYJSPATH : [
    /assets/pyjs.org/states/stable/auto@artifacts.pyjs.org/new_pyjs.org
    /assets/pyjs.org/states/stable/auto@artifacts.pyjs.org/new_pyjs.org/__pyjs/library
    /assets/pyjs.org/states/stable/auto@artifacts.pyjs.org/new_pyjs.org/__pyjs/addons
]
Built to : /assets/pyjs.org/states/stable/auto@artifacts.pyjs.org/new_pyjs.org/output
